<?xml version="1.0" encoding="UTF-8"?>
<!-- Generated by org.testng.reporters.JUnitXMLReporter -->
<testsuite ignored="0" hostname="KARTHIK" failures="0" tests="4" name="Default test" time="7.726" errors="0" timestamp="2020-10-25T17:29:16 IST">
  <testcase classname="restassured.concepts.ReqResSite" name="createUser" time="4.228"/>
  <testcase classname="restassured.concepts.ReqResSite" name="singleUserNotFound" time="0.622"/>
  <testcase classname="restassured.concepts.ReqResSite" name="singleUser" time="0.628"/>
  <testcase classname="restassured.concepts.ReqResSite" name="listUsers" time="2.176"/>
</testsuite> <!-- Default test -->
