<?xml version="1.0" encoding="UTF-8"?>
<testng-results ignored="0" total="4" passed="4" failed="0" skipped="0">
  <reporter-output>
  </reporter-output>
  <suite started-at="2020-10-25T17:29:09 IST" name="Default suite" finished-at="2020-10-25T17:29:16 IST" duration-ms="7726">
    <groups>
    </groups>
    <test started-at="2020-10-25T17:29:09 IST" name="Default test" finished-at="2020-10-25T17:29:16 IST" duration-ms="7726">
      <class name="restassured.concepts.ReqResSite">
        <test-method signature="createUser()[pri:1, instance:restassured.concepts.ReqResSite@60d8c9b7]" started-at="2020-10-25T17:29:09 IST" name="createUser" finished-at="2020-10-25T17:29:13 IST" duration-ms="4228" status="PASS">
          <reporter-output>
          </reporter-output>
        </test-method> <!-- createUser -->
        <test-method signature="singleUserNotFound()[pri:2, instance:restassured.concepts.ReqResSite@60d8c9b7]" started-at="2020-10-25T17:29:13 IST" name="singleUserNotFound" finished-at="2020-10-25T17:29:14 IST" duration-ms="622" status="PASS">
          <reporter-output>
          </reporter-output>
        </test-method> <!-- singleUserNotFound -->
        <test-method signature="singleUser()[pri:3, instance:restassured.concepts.ReqResSite@60d8c9b7]" started-at="2020-10-25T17:29:14 IST" name="singleUser" finished-at="2020-10-25T17:29:14 IST" duration-ms="628" status="PASS">
          <reporter-output>
          </reporter-output>
        </test-method> <!-- singleUser -->
        <test-method signature="listUsers()[pri:4, instance:restassured.concepts.ReqResSite@60d8c9b7]" started-at="2020-10-25T17:29:14 IST" name="listUsers" finished-at="2020-10-25T17:29:16 IST" duration-ms="2176" status="PASS">
          <reporter-output>
          </reporter-output>
        </test-method> <!-- listUsers -->
      </class> <!-- restassured.concepts.ReqResSite -->
    </test> <!-- Default test -->
  </suite> <!-- Default suite -->
</testng-results>
